<?xml version="1.0" encoding="UTF-8"?>
<!-- Generated by org.testng.reporters.JUnitReportReporter -->
<testsuite hostname="lin33001588" failures="0" tests="1" name="ComKiteQaTestCases.HomePageTest" time="9.801" errors="0" timestamp="2022-07-09T09:26:27 IST" skipped="0">
  <testcase classname="ComKiteQaTestCases.HomePageTest" name="HomepageTitle" time="9.801"/>
  <system-out/>
</testsuite> <!-- ComKiteQaTestCases.HomePageTest -->
